<?xml version="1.0" encoding="UTF-8"?>
<!-- Generated by org.testng.reporters.JUnitReportReporter -->
<testsuite hostname="MT-PC" failures="0" tests="3" name="TestNG.Topic_03_Group" time="0.052" errors="0" timestamp="2024-10-10T20:50:15 ICT" skipped="0">
  <testcase classname="TestNG.Topic_03_Group" name="TC_03" time="0.046"/>
  <testcase classname="TestNG.Topic_03_Group" name="TC_02" time="0.002"/>
  <testcase classname="TestNG.Topic_03_Group" name="TC_01" time="0.004"/>
</testsuite> <!-- TestNG.Topic_03_Group -->
