<?xml version="1.0" encoding="UTF-8"?>
<!-- Generated by org.testng.reporters.JUnitReportReporter -->
<testsuite hostname="MT-PC" failures="0" tests="1" name="WebDriver.Topic_16_Handle_Textbox_Textarea" time="25.119" errors="0" timestamp="2024-08-26T13:48:34 ICT" skipped="0">
  <testcase classname="WebDriver.Topic_16_Handle_Textbox_Textarea" name="TC_01" time="25.119"/>
</testsuite> <!-- WebDriver.Topic_16_Handle_Textbox_Textarea -->
