<?xml version="1.0" encoding="UTF-8"?>
<!-- Generated by org.testng.reporters.JUnitReportReporter -->
<testsuite hostname="MT-PC" failures="0" tests="3" name="WebDriver.Topic_18_Handle_Custom_Dropbox_I" time="15.264" errors="0" timestamp="2024-08-26T22:12:05 ICT" skipped="0">
  <testcase classname="WebDriver.Topic_18_Handle_Custom_Dropbox_I" name="TC_01_JQuery" time="15.258"/>
  <testcase classname="WebDriver.Topic_18_Handle_Custom_Dropbox_I" name="TC_02_ReactJS" time="0.003"/>
  <testcase classname="WebDriver.Topic_18_Handle_Custom_Dropbox_I" name="TC_03_VueJS" time="0.003"/>
</testsuite> <!-- WebDriver.Topic_18_Handle_Custom_Dropbox_I -->
