<?xml version="1.0" encoding="UTF-8"?>
<!-- Generated by org.testng.reporters.JUnitReportReporter -->
<testsuite hostname="MT-PC" failures="0" tests="1" name="WebDriver.Topic_20_Handle_Button_Radio_CheckBox" time="12.925" errors="0" timestamp="2024-09-08T21:24:34 ICT" skipped="0">
  <testcase classname="WebDriver.Topic_20_Handle_Button_Radio_CheckBox" name="TC_08_Check_By_Customer_Email" time="12.925"/>
</testsuite> <!-- WebDriver.Topic_20_Handle_Button_Radio_CheckBox -->
