<?xml version="1.0" encoding="UTF-8"?>
<!-- Generated by org.testng.reporters.JUnitReportReporter -->
<testsuite hostname="MT-PC" failures="0" tests="1" name="WebDriver.Topic_27_Window_Tab" time="11.979" errors="0" timestamp="2024-09-21T10:31:28 ICT" skipped="0">
  <testcase classname="WebDriver.Topic_27_Window_Tab" name="TC_05_Havard" time="11.979"/>
</testsuite> <!-- WebDriver.Topic_27_Window_Tab -->
