<?xml version="1.0" encoding="UTF-8"?>
<!-- Generated by org.testng.reporters.JUnitReportReporter -->
<testsuite hostname="MT-PC" failures="0" tests="1" name="Basic.Topic_10_Xpath_CSS_III" time="4.206" errors="0" timestamp="2024-08-18T13:38:05 ICT" skipped="0">
  <testcase classname="Basic.Topic_10_Xpath_CSS_III" name="Lesson" time="4.206"/>
</testsuite> <!-- Basic.Topic_10_Xpath_CSS_III -->
