<?xml version="1.0" encoding="UTF-8"?>
<!-- Generated by org.testng.reporters.JUnitReportReporter -->
<testsuite hostname="MT-PC" failures="0" tests="1" name="WebDriver.Topic_15_Web_Element_Exercise" time="12.405" errors="0" timestamp="2024-08-21T23:43:42 ICT" skipped="0">
  <testcase classname="WebDriver.Topic_15_Web_Element_Exercise" name="TC_01_Signup_Validate" time="12.405"/>
</testsuite> <!-- WebDriver.Topic_15_Web_Element_Exercise -->
