<?xml version="1.0" encoding="UTF-8"?>
<!-- Generated by org.testng.reporters.JUnitReportReporter -->
<testsuite hostname="MT-PC" failures="0" tests="2" name="TestNG.Topic_04_DataProvider" time="0.014" errors="0" timestamp="2024-10-10T12:45:51 ICT" skipped="0">
  <testcase classname="TestNG.Topic_04_DataProvider" name="TC_01" time="0.003"/>
  <testcase classname="TestNG.Topic_04_DataProvider" name="TC_01" time="0.011"/>
</testsuite> <!-- TestNG.Topic_04_DataProvider -->
