<?xml version="1.0" encoding="UTF-8"?>
<!-- Generated by org.testng.reporters.JUnitReportReporter -->
<testsuite hostname="MT-PC" failures="0" tests="1" name="Basic.Topic_01_Selenium_Locator" time="8.432" errors="0" timestamp="2024-08-13T21:01:09 ICT" skipped="0">
  <testcase classname="Basic.Topic_01_Selenium_Locator" name="TC_02_ID" time="8.432"/>
</testsuite> <!-- Basic.Topic_01_Selenium_Locator -->
