<?xml version="1.0" encoding="UTF-8"?>
<!-- Generated by org.testng.reporters.JUnitReportReporter -->
<testsuite hostname="MT-PC" failures="0" tests="1" name="Basic.Topic_09_Xpath_CSS_II" time="8.862" errors="0" timestamp="2024-08-18T11:33:59 ICT" skipped="0">
  <testcase classname="Basic.Topic_09_Xpath_CSS_II" name="Lesson" time="8.862"/>
</testsuite> <!-- Basic.Topic_09_Xpath_CSS_II -->
