<?xml version="1.0" encoding="UTF-8"?>
<!-- Generated by org.testng.reporters.JUnitReportReporter -->
<testsuite hostname="MT-PC" failures="0" tests="6" name="Basic.Topic_09_Xpath_CSS_II" time="124.066" errors="0" timestamp="2024-08-18T01:39:36 ICT" skipped="0">
  <testcase classname="Basic.Topic_09_Xpath_CSS_II" name="TC_05_Password_less_than_6_chars" time="20.679"/>
  <testcase classname="Basic.Topic_09_Xpath_CSS_II" name="TC_03_Invalid_Email" time="20.808"/>
  <testcase classname="Basic.Topic_09_Xpath_CSS_II" name="TC_04_Incorrect_Confirm_Email" time="20.273"/>
  <testcase classname="Basic.Topic_09_Xpath_CSS_II" name="TC_02_Empty" time="20.269"/>
  <testcase classname="Basic.Topic_09_Xpath_CSS_II" name="TC_06_Incorrect_Confirm_Password" time="20.343"/>
  <testcase classname="Basic.Topic_09_Xpath_CSS_II" name="TC_07_Invalid_Phone" time="21.694"/>
</testsuite> <!-- Basic.Topic_09_Xpath_CSS_II -->
