<?xml version="1.0" encoding="UTF-8"?>
<!-- Generated by org.testng.reporters.JUnitReportReporter -->
<testsuite hostname="MT-PC" failures="0" tests="1" name="TestNG.Topic_06_Parameter" time="6.085" errors="0" timestamp="2024-10-10T20:50:15 ICT" skipped="0">
  <testcase classname="TestNG.Topic_06_Parameter" name="TC_01" time="6.085"/>
</testsuite> <!-- TestNG.Topic_06_Parameter -->
