<?xml version="1.0" encoding="UTF-8"?>
<!-- Generated by org.testng.reporters.JUnitReportReporter -->
<testsuite hostname="MT-PC" failures="0" tests="1" name="WebDriver.Topic_25_Handle_Popup" time="6.638" errors="0" timestamp="2024-09-15T18:06:34 ICT" skipped="0">
  <testcase classname="WebDriver.Topic_25_Handle_Popup" name="TC_03_Random_Popup_Not_In_DOM" time="6.638"/>
</testsuite> <!-- WebDriver.Topic_25_Handle_Popup -->
