<?xml version="1.0" encoding="UTF-8"?>
<!-- Generated by org.testng.reporters.JUnitReportReporter -->
<testsuite hostname="MT-PC" failures="0" tests="4" name="WebDriver.Topic_31_WebDriver_Wait_I" time="20.682" errors="0" timestamp="2024-09-29T01:11:53 ICT" skipped="0">
  <testcase classname="WebDriver.Topic_31_WebDriver_Wait_I" name="TC_03_Presence" time="3.324"/>
  <testcase classname="WebDriver.Topic_31_WebDriver_Wait_I" name="TC_04_Staleness" time="3.787"/>
  <testcase classname="WebDriver.Topic_31_WebDriver_Wait_I" name="TC_01_Visible" time="2.535"/>
  <testcase classname="WebDriver.Topic_31_WebDriver_Wait_I" name="TC_02_Invisible" time="11.036"/>
</testsuite> <!-- WebDriver.Topic_31_WebDriver_Wait_I -->
