<?xml version="1.0" encoding="UTF-8"?>
<!-- Generated by org.testng.reporters.JUnitReportReporter -->
<testsuite hostname="MT-PC" failures="0" tests="100" name="TestNG.Topic_07_Loop" time="0.222" errors="0" timestamp="2024-10-10T20:50:15 ICT" skipped="0">
  <testcase classname="TestNG.Topic_07_Loop" name="TC_01" time="0.004"/>
  <testcase classname="TestNG.Topic_07_Loop" name="TC_01" time="0.001"/>
  <testcase classname="TestNG.Topic_07_Loop" name="TC_01" time="0.003"/>
  <testcase classname="TestNG.Topic_07_Loop" name="TC_01" time="0.001"/>
  <testcase classname="TestNG.Topic_07_Loop" name="TC_01" time="0.003"/>
  <testcase classname="TestNG.Topic_07_Loop" name="TC_01" time="0.002"/>
  <testcase classname="TestNG.Topic_07_Loop" name="TC_01" time="0.001"/>
  <testcase classname="TestNG.Topic_07_Loop" name="TC_01" time="0.004"/>
  <testcase classname="TestNG.Topic_07_Loop" name="TC_01" time="0.002"/>
  <testcase classname="TestNG.Topic_07_Loop" name="TC_01" time="0.001"/>
  <testcase classname="TestNG.Topic_07_Loop" name="TC_01" time="0.001"/>
  <testcase classname="TestNG.Topic_07_Loop" name="TC_01" time="0.001"/>
  <testcase classname="TestNG.Topic_07_Loop" name="TC_01" time="0.008"/>
  <testcase classname="TestNG.Topic_07_Loop" name="TC_01" time="0.001"/>
  <testcase classname="TestNG.Topic_07_Loop" name="TC_01" time="0.001"/>
  <testcase classname="TestNG.Topic_07_Loop" name="TC_01" time="0.001"/>
  <testcase classname="TestNG.Topic_07_Loop" name="TC_01" time="0.006"/>
  <testcase classname="TestNG.Topic_07_Loop" name="TC_01" time="0.007"/>
  <testcase classname="TestNG.Topic_07_Loop" name="TC_01" time="0.001"/>
  <testcase classname="TestNG.Topic_07_Loop" name="TC_01" time="0.001"/>
  <testcase classname="TestNG.Topic_07_Loop" name="TC_01" time="0.001"/>
  <testcase classname="TestNG.Topic_07_Loop" name="TC_01" time="0.001"/>
  <testcase classname="TestNG.Topic_07_Loop" name="TC_01" time="0.001"/>
  <testcase classname="TestNG.Topic_07_Loop" name="TC_01" time="0.002"/>
  <testcase classname="TestNG.Topic_07_Loop" name="TC_01" time="0.001"/>
  <testcase classname="TestNG.Topic_07_Loop" name="TC_01" time="0.003"/>
  <testcase classname="TestNG.Topic_07_Loop" name="TC_01" time="0.002"/>
  <testcase classname="TestNG.Topic_07_Loop" name="TC_01" time="0.001"/>
  <testcase classname="TestNG.Topic_07_Loop" name="TC_01" time="0.002"/>
  <testcase classname="TestNG.Topic_07_Loop" name="TC_01" time="0.005"/>
  <testcase classname="TestNG.Topic_07_Loop" name="TC_01" time="0.001"/>
  <testcase classname="TestNG.Topic_07_Loop" name="TC_01" time="0.001"/>
  <testcase classname="TestNG.Topic_07_Loop" name="TC_01" time="0.002"/>
  <testcase classname="TestNG.Topic_07_Loop" name="TC_01" time="0.001"/>
  <testcase classname="TestNG.Topic_07_Loop" name="TC_01" time="0.001"/>
  <testcase classname="TestNG.Topic_07_Loop" name="TC_01" time="0.003"/>
  <testcase classname="TestNG.Topic_07_Loop" name="TC_01" time="0.003"/>
  <testcase classname="TestNG.Topic_07_Loop" name="TC_01" time="0.001"/>
  <testcase classname="TestNG.Topic_07_Loop" name="TC_01" time="0.004"/>
  <testcase classname="TestNG.Topic_07_Loop" name="TC_01" time="0.001"/>
  <testcase classname="TestNG.Topic_07_Loop" name="TC_01" time="0.001"/>
  <testcase classname="TestNG.Topic_07_Loop" name="TC_01" time="0.005"/>
  <testcase classname="TestNG.Topic_07_Loop" name="TC_01" time="0.002"/>
  <testcase classname="TestNG.Topic_07_Loop" name="TC_01" time="0.001"/>
  <testcase classname="TestNG.Topic_07_Loop" name="TC_01" time="0.002"/>
  <testcase classname="TestNG.Topic_07_Loop" name="TC_01" time="0.004"/>
  <testcase classname="TestNG.Topic_07_Loop" name="TC_01" time="0.001"/>
  <testcase classname="TestNG.Topic_07_Loop" name="TC_01" time="0.004"/>
  <testcase classname="TestNG.Topic_07_Loop" name="TC_01" time="0.000"/>
  <testcase classname="TestNG.Topic_07_Loop" name="TC_01" time="0.001"/>
  <testcase classname="TestNG.Topic_07_Loop" name="TC_01" time="0.001"/>
  <testcase classname="TestNG.Topic_07_Loop" name="TC_01" time="0.001"/>
  <testcase classname="TestNG.Topic_07_Loop" name="TC_01" time="0.002"/>
  <testcase classname="TestNG.Topic_07_Loop" name="TC_01" time="0.002"/>
  <testcase classname="TestNG.Topic_07_Loop" name="TC_01" time="0.002"/>
  <testcase classname="TestNG.Topic_07_Loop" name="TC_01" time="0.002"/>
  <testcase classname="TestNG.Topic_07_Loop" name="TC_01" time="0.002"/>
  <testcase classname="TestNG.Topic_07_Loop" name="TC_01" time="0.001"/>
  <testcase classname="TestNG.Topic_07_Loop" name="TC_01" time="0.001"/>
  <testcase classname="TestNG.Topic_07_Loop" name="TC_01" time="0.004"/>
  <testcase classname="TestNG.Topic_07_Loop" name="TC_01" time="0.009"/>
  <testcase classname="TestNG.Topic_07_Loop" name="TC_01" time="0.004"/>
  <testcase classname="TestNG.Topic_07_Loop" name="TC_01" time="0.001"/>
  <testcase classname="TestNG.Topic_07_Loop" name="TC_01" time="0.003"/>
  <testcase classname="TestNG.Topic_07_Loop" name="TC_01" time="0.006"/>
  <testcase classname="TestNG.Topic_07_Loop" name="TC_01" time="0.001"/>
  <testcase classname="TestNG.Topic_07_Loop" name="TC_01" time="0.002"/>
  <testcase classname="TestNG.Topic_07_Loop" name="TC_01" time="0.002"/>
  <testcase classname="TestNG.Topic_07_Loop" name="TC_01" time="0.003"/>
  <testcase classname="TestNG.Topic_07_Loop" name="TC_01" time="0.001"/>
  <testcase classname="TestNG.Topic_07_Loop" name="TC_01" time="0.001"/>
  <testcase classname="TestNG.Topic_07_Loop" name="TC_01" time="0.001"/>
  <testcase classname="TestNG.Topic_07_Loop" name="TC_01" time="0.002"/>
  <testcase classname="TestNG.Topic_07_Loop" name="TC_01" time="0.001"/>
  <testcase classname="TestNG.Topic_07_Loop" name="TC_01" time="0.001"/>
  <testcase classname="TestNG.Topic_07_Loop" name="TC_01" time="0.003"/>
  <testcase classname="TestNG.Topic_07_Loop" name="TC_01" time="0.001"/>
  <testcase classname="TestNG.Topic_07_Loop" name="TC_01" time="0.002"/>
  <testcase classname="TestNG.Topic_07_Loop" name="TC_01" time="0.004"/>
  <testcase classname="TestNG.Topic_07_Loop" name="TC_01" time="0.002"/>
  <testcase classname="TestNG.Topic_07_Loop" name="TC_01" time="0.001"/>
  <testcase classname="TestNG.Topic_07_Loop" name="TC_01" time="0.015"/>
  <testcase classname="TestNG.Topic_07_Loop" name="TC_01" time="0.001"/>
  <testcase classname="TestNG.Topic_07_Loop" name="TC_01" time="0.006"/>
  <testcase classname="TestNG.Topic_07_Loop" name="TC_01" time="0.002"/>
  <testcase classname="TestNG.Topic_07_Loop" name="TC_01" time="0.001"/>
  <testcase classname="TestNG.Topic_07_Loop" name="TC_01" time="0.001"/>
  <testcase classname="TestNG.Topic_07_Loop" name="TC_01" time="0.001"/>
  <testcase classname="TestNG.Topic_07_Loop" name="TC_01" time="0.002"/>
  <testcase classname="TestNG.Topic_07_Loop" name="TC_01" time="0.001"/>
  <testcase classname="TestNG.Topic_07_Loop" name="TC_01" time="0.001"/>
  <testcase classname="TestNG.Topic_07_Loop" name="TC_01" time="0.004"/>
  <testcase classname="TestNG.Topic_07_Loop" name="TC_01" time="0.003"/>
  <testcase classname="TestNG.Topic_07_Loop" name="TC_01" time="0.001"/>
  <testcase classname="TestNG.Topic_07_Loop" name="TC_01" time="0.001"/>
  <testcase classname="TestNG.Topic_07_Loop" name="TC_01" time="0.000"/>
  <testcase classname="TestNG.Topic_07_Loop" name="TC_01" time="0.001"/>
  <testcase classname="TestNG.Topic_07_Loop" name="TC_01" time="0.001"/>
  <testcase classname="TestNG.Topic_07_Loop" name="TC_01" time="0.002"/>
  <testcase classname="TestNG.Topic_07_Loop" name="TC_01" time="0.001"/>
</testsuite> <!-- TestNG.Topic_07_Loop -->
