<?xml version="1.0" encoding="UTF-8"?>
<!-- Generated by org.testng.reporters.JUnitReportReporter -->
<testsuite hostname="MT-PC" failures="0" tests="1" name="WebDriver.Topic_13_Web_Element_Command" time="9.612" errors="0" timestamp="2024-08-21T22:29:35 ICT" skipped="0">
  <testcase classname="WebDriver.Topic_13_Web_Element_Command" name="TC_04_Register_function_at_Mailchimp" time="9.612"/>
</testsuite> <!-- WebDriver.Topic_13_Web_Element_Command -->
