<?xml version="1.0" encoding="UTF-8"?>
<!-- Generated by org.testng.reporters.JUnitReportReporter -->
<testsuite hostname="MT-PC" failures="0" tests="4" name="Xpath_CSS_Selector.Topic_08_Xpath_CSS_I" time="5.557" errors="0" timestamp="2024-08-20T16:55:56 ICT" skipped="0">
  <testcase classname="Xpath_CSS_Selector.Topic_08_Xpath_CSS_I" name="TC_02_Login_with_invalid_email" time="1.016"/>
  <testcase classname="Xpath_CSS_Selector.Topic_08_Xpath_CSS_I" name="TC_01_Login_with_empty_email_password" time="1.003"/>
  <testcase classname="Xpath_CSS_Selector.Topic_08_Xpath_CSS_I" name="TC_03_Login_with_password_less_than_6_characters" time="1.016"/>
  <testcase classname="Xpath_CSS_Selector.Topic_08_Xpath_CSS_I" name="TC_04_Login_with_incorrect_email_password" time="2.522"/>
</testsuite> <!-- Xpath_CSS_Selector.Topic_08_Xpath_CSS_I -->
