<?xml version="1.0" encoding="UTF-8"?>
<!-- Generated by org.testng.reporters.JUnitReportReporter -->
<testsuite hostname="MT-PC" failures="0" tests="3" name="TestNG.Topic_01_Annotation" time="0.026" errors="0" timestamp="2024-10-10T20:50:15 ICT" skipped="0">
  <testcase classname="TestNG.Topic_01_Annotation" name="TC_03" time="0.010"/>
  <testcase classname="TestNG.Topic_01_Annotation" name="TC_01" time="0.010"/>
  <testcase classname="TestNG.Topic_01_Annotation" name="TC_02" time="0.006"/>
</testsuite> <!-- TestNG.Topic_01_Annotation -->
