<?xml version="1.0" encoding="UTF-8"?>
<!-- Generated by org.testng.reporters.JUnitReportReporter -->
<testsuite hostname="MT-PC" failures="0" tests="1" name="WebDriver.Topic_22_Handle_Authentication_Alert" time="5.908" errors="0" timestamp="2024-09-09T21:02:21 ICT" skipped="0">
  <testcase classname="WebDriver.Topic_22_Handle_Authentication_Alert" name="TC_08_Authentication_Alert_loginToLinkByUsernamePassword" time="5.908"/>
</testsuite> <!-- WebDriver.Topic_22_Handle_Authentication_Alert -->
