<?xml version="1.0" encoding="UTF-8"?>
<!-- Generated by org.testng.reporters.JUnitReportReporter -->
<testsuite hostname="MT-PC" failures="0" tests="1" name="Basic.Topic_09_Xpath_CSS_II" time="3.553" errors="0" timestamp="2024-08-18T02:39:40 ICT" skipped="0">
  <testcase classname="Basic.Topic_09_Xpath_CSS_II" name="contains_concat_" time="3.553"/>
</testsuite> <!-- Basic.Topic_09_Xpath_CSS_II -->
