<?xml version="1.0" encoding="UTF-8"?>
<!-- Generated by org.testng.reporters.JUnitReportReporter -->
<testsuite hostname="MT-PC" failures="0" tests="1" name="WebDriver.Topic_29_Upload_File_I" time="7.292" errors="0" timestamp="2024-09-27T20:17:46 ICT" skipped="0">
  <testcase classname="WebDriver.Topic_29_Upload_File_I" name="TC_01_sendKeys" time="7.292"/>
</testsuite> <!-- WebDriver.Topic_29_Upload_File_I -->
