<?xml version="1.0" encoding="UTF-8"?>
<!-- Generated by org.testng.reporters.JUnitReportReporter -->
<testsuite hostname="MT-PC" failures="0" tests="1" name="TestNG.Topic_09_Multiple_Suite_User" time="0.005" errors="0" timestamp="2024-10-10T20:50:15 ICT" skipped="0">
  <testcase classname="TestNG.Topic_09_Multiple_Suite_User" name="TC_01" time="0.005"/>
</testsuite> <!-- TestNG.Topic_09_Multiple_Suite_User -->
