<?xml version="1.0" encoding="UTF-8"?>
<!-- Generated by org.testng.reporters.JUnitReportReporter -->
<testsuite hostname="MT-PC" failures="0" tests="1" name="WebDriver.Topic_26_Handle_Frame_Iframe" time="9.045" errors="0" timestamp="2024-09-20T23:23:17 ICT" skipped="0">
  <testcase classname="WebDriver.Topic_26_Handle_Frame_Iframe" name="TC_02_Frame" time="9.045"/>
</testsuite> <!-- WebDriver.Topic_26_Handle_Frame_Iframe -->
