<?xml version="1.0" encoding="UTF-8"?>
<!-- Generated by org.testng.reporters.JUnitReportReporter -->
<testsuite hostname="MT-PC" failures="0" tests="4" name="Basic.Topic_03_Login_Xpath" time="11.491" errors="0" timestamp="2024-08-16T11:58:46 ICT" skipped="0">
  <testcase classname="Basic.Topic_03_Login_Xpath" name="TC_01_Login_with_empty_email_password" time="2.809"/>
  <testcase classname="Basic.Topic_03_Login_Xpath" name="TC_03_Login_with_password_less_than_6_characters" time="1.706"/>
  <testcase classname="Basic.Topic_03_Login_Xpath" name="TC_02_Login_with_invalid_email" time="3.668"/>
  <testcase classname="Basic.Topic_03_Login_Xpath" name="TC_04_Login_with_incorrect_email_password" time="3.308"/>
</testsuite> <!-- Basic.Topic_03_Login_Xpath -->
