<?xml version="1.0" encoding="UTF-8"?>
<!-- Generated by org.testng.reporters.JUnitReportReporter -->
<testsuite hostname="MT-PC" failures="0" tests="1" name="TestNG.Topic_09_Multiple_Suite_Admin" time="0.004" errors="0" timestamp="2024-10-10T20:50:15 ICT" skipped="0">
  <testcase classname="TestNG.Topic_09_Multiple_Suite_Admin" name="TC_01" time="0.004"/>
</testsuite> <!-- TestNG.Topic_09_Multiple_Suite_Admin -->
