<?xml version="1.0" encoding="UTF-8"?>
<!-- Generated by org.testng.reporters.JUnitReportReporter -->
<testsuite hostname="MT-PC" failures="0" tests="2" name="WebDriver.Topic_33_WebDriver_Wait_III_Static" time="11.904" errors="0" timestamp="2024-10-03T17:28:31 ICT" skipped="0">
  <testcase classname="WebDriver.Topic_33_WebDriver_Wait_III_Static" name="TC_04_ExplicitWait_Invisible" time="6.709"/>
  <testcase classname="WebDriver.Topic_33_WebDriver_Wait_III_Static" name="TC_05_ExplicitWait_Visible" time="5.195"/>
</testsuite> <!-- WebDriver.Topic_33_WebDriver_Wait_III_Static -->
