<?xml version="1.0" encoding="UTF-8"?>
<!-- Generated by org.testng.reporters.JUnitReportReporter -->
<testsuite hostname="MT-PC" failures="0" tests="2" name="WebDriver.Topic_24_User_Interaction_II" time="9.880" errors="0" timestamp="2024-09-12T20:51:13 ICT" skipped="0">
  <testcase classname="WebDriver.Topic_24_User_Interaction_II" name="TC_02_Drag_And_Drop_HTML4" time="6.698"/>
  <testcase classname="WebDriver.Topic_24_User_Interaction_II" name="TC_03_Drag_And_Drop_HTML5" time="3.182"/>
</testsuite> <!-- WebDriver.Topic_24_User_Interaction_II -->
