<?xml version="1.0" encoding="UTF-8"?>
<!-- Generated by org.testng.reporters.JUnitReportReporter -->
<testsuite hostname="MT-PC" failures="0" tests="1" name="WebDriver.Topic_23_User_Interaction_I" time="2.192" errors="0" timestamp="2024-09-11T19:57:11 ICT" skipped="0">
  <testcase classname="WebDriver.Topic_23_User_Interaction_I" name="TC_04_Double_Click" time="2.192"/>
</testsuite> <!-- WebDriver.Topic_23_User_Interaction_I -->
