<?xml version="1.0" encoding="UTF-8"?>
<!-- Generated by org.testng.reporters.JUnitReportReporter -->
<testsuite hostname="MT-PC" failures="0" tests="1" name="WebDriver.Topic_33_WebDriver_Wait_III_Static_Explicit" time="12.756" errors="0" timestamp="2024-10-06T18:10:18 ICT" skipped="0">
  <testcase classname="WebDriver.Topic_33_WebDriver_Wait_III_Static_Explicit" name="TC_07_ExplicitWait_gofile" time="12.756"/>
</testsuite> <!-- WebDriver.Topic_33_WebDriver_Wait_III_Static_Explicit -->
