<?xml version="1.0" encoding="UTF-8"?>
<!-- Generated by org.testng.reporters.JUnitReportReporter -->
<testsuite hostname="MT-PC" failures="0" tests="1" name="WebDriver.Topic_32_WebDriver_Wait_II" time="5.881" errors="0" timestamp="2024-09-30T19:43:59 ICT" skipped="0">
  <testcase classname="WebDriver.Topic_32_WebDriver_Wait_II" name="TC_01_Find_Element_ImplicitWait" time="5.881"/>
</testsuite> <!-- WebDriver.Topic_32_WebDriver_Wait_II -->
