<?xml version="1.0" encoding="UTF-8"?>
<!-- Generated by org.testng.reporters.JUnitReportReporter -->
<testsuite hostname="MT-PC" failures="0" tests="2" name="WebDriver.Topic_18_Handle_Custom_Dropbox_I" time="8.321" errors="0" timestamp="2024-08-28T13:32:56 ICT" skipped="0">
  <testcase classname="WebDriver.Topic_18_Handle_Custom_Dropbox_I" name="TC_05_Angular" time="0.011"/>
  <testcase classname="WebDriver.Topic_18_Handle_Custom_Dropbox_I" name="TC_06_Editable" time="8.310"/>
</testsuite> <!-- WebDriver.Topic_18_Handle_Custom_Dropbox_I -->
