<?xml version="1.0" encoding="UTF-8"?>
<!-- Generated by org.testng.reporters.JUnitReportReporter -->
<testsuite hostname="MT-PC" failures="0" tests="1" name="WebDriver.Topic_20_Handle_Button_Radio_CheckBox" time="6.298" errors="0" timestamp="2024-08-29T20:55:58 ICT" skipped="0">
  <testcase classname="WebDriver.Topic_20_Handle_Button_Radio_CheckBox" name="TC_02_Button" time="6.298"/>
</testsuite> <!-- WebDriver.Topic_20_Handle_Button_Radio_CheckBox -->
