<?xml version="1.0" encoding="UTF-8"?>
<!-- Generated by org.testng.reporters.JUnitReportReporter -->
<testsuite hostname="MT-PC" failures="0" tests="3" name="TestNG.Topic_02_Assertions" time="0.058" errors="0" timestamp="2024-10-10T20:50:15 ICT" skipped="0">
  <testcase classname="TestNG.Topic_02_Assertions" name="TC_01" time="0.047"/>
  <testcase classname="TestNG.Topic_02_Assertions" name="TC_02" time="0.005"/>
  <testcase classname="TestNG.Topic_02_Assertions" name="TC_03" time="0.006"/>
</testsuite> <!-- TestNG.Topic_02_Assertions -->
