<?xml version="1.0" encoding="UTF-8"?>
<!-- Generated by org.testng.reporters.JUnitReportReporter -->
<testsuite hostname="MT-PC" failures="0" tests="1" name="Basic.Topic_03_Login_Xpath" time="12.863" errors="0" timestamp="2024-08-15T22:50:06 ICT" skipped="0">
  <testcase classname="Basic.Topic_03_Login_Xpath" name="TC_01_Login_with_empty_email_password" time="12.863"/>
</testsuite> <!-- Basic.Topic_03_Login_Xpath -->
