<?xml version="1.0" encoding="UTF-8"?>
<!-- Generated by org.testng.reporters.JUnitReportReporter -->
<testsuite hostname="MT-PC" failures="0" tests="2" name="Basic.Topic_02_Xpath" time="51.431" errors="0" timestamp="2024-08-15T22:22:27 ICT" skipped="0">
  <testcase classname="Basic.Topic_02_Xpath" name="TC_06_Register_with_invalid_Phone_number" time="26.067"/>
  <testcase classname="Basic.Topic_02_Xpath" name="TC_07_Register_with_invalid_mobile_networ_prefixes" time="25.364"/>
</testsuite> <!-- Basic.Topic_02_Xpath -->
