<?xml version="1.0" encoding="UTF-8"?>
<!-- Generated by org.testng.reporters.JUnitReportReporter -->
<testsuite hostname="MT-PC" failures="0" tests="1" name="WebDriver.Topic_17_Handle_Default_Dropdown" time="10.012" errors="0" timestamp="2024-08-26T12:57:58 ICT" skipped="0">
  <testcase classname="WebDriver.Topic_17_Handle_Default_Dropdown" name="TC_02_Rode" time="10.012"/>
</testsuite> <!-- WebDriver.Topic_17_Handle_Default_Dropdown -->
